<?xml version="1.0" encoding="UTF-8"?>
<testng-results ignored="0" total="1" passed="1" failed="0" skipped="0">
  <reporter-output>
  </reporter-output>
  <suite started-at="2021-09-27T20:11:15 IST" name="Default suite" finished-at="2021-09-27T20:11:19 IST" duration-ms="4063">
    <groups>
    </groups>
    <test started-at="2021-09-27T20:11:15 IST" name="Default test" finished-at="2021-09-27T20:11:19 IST" duration-ms="4063">
      <class name="files.DynamicJson">
        <test-method signature="addBook()[pri:0, instance:files.DynamicJson@7a675056]" started-at="2021-09-27T20:11:15 IST" name="addBook" finished-at="2021-09-27T20:11:19 IST" duration-ms="3991" status="PASS">
          <reporter-output>
          </reporter-output>
        </test-method> <!-- addBook -->
      </class> <!-- files.DynamicJson -->
    </test> <!-- Default test -->
  </suite> <!-- Default suite -->
</testng-results>
